<?xml version="1.0" encoding="UTF-8"?>
<!-- Generated by org.testng.reporters.JUnitReportReporter -->
<testsuite hostname="DESKTOP-ER1B2KO" failures="0" tests="1" name="testCases.TC012_WishListBTn_onProduct" time="23.553" errors="0" timestamp="2025-06-24T16:14:21 IST" skipped="0">
  <testcase classname="testCases.TC012_WishListBTn_onProduct" name="buttonOnproductPage" time="23.553"/>
  <system-out/>
</testsuite> <!-- testCases.TC012_WishListBTn_onProduct -->
