<?xml version="1.0" encoding="UTF-8"?>
<!-- Generated by org.testng.reporters.JUnitReportReporter -->
<testsuite hostname="PawanBokolia" failures="0" tests="1" name="testCases.TC001_LoginAndLogOut" time="30.945" errors="0" timestamp="2025-06-18T07:13:38 IST" skipped="0">
  <testcase classname="testCases.TC001_LoginAndLogOut" name="loginandLog" time="30.945"/>
</testsuite> <!-- testCases.TC001_LoginAndLogOut -->
