<?xml version="1.0" encoding="UTF-8"?>
<!-- Generated by org.testng.reporters.JUnitReportReporter -->
<testsuite hostname="PawanBokolia" failures="0" tests="1" name="testCases.TC015_SearchFuctionalty" time="5.867" errors="0" timestamp="2025-06-22T18:16:04 IST" skipped="0">
  <testcase classname="testCases.TC015_SearchFuctionalty" name="SearchFuctionalty" time="5.867"/>
</testsuite> <!-- testCases.TC015_SearchFuctionalty -->
