<?xml version="1.0" encoding="UTF-8"?>
<!-- Generated by org.testng.reporters.JUnitReportReporter -->
<testsuite hostname="DESKTOP-ER1B2KO" failures="0" tests="1" name="testCases.TC008_OrderLogin_via_Elavon" time="50.601" errors="0" timestamp="2025-06-18T17:33:14 IST" skipped="0">
  <testcase classname="testCases.TC008_OrderLogin_via_Elavon" name="OrderLogin" time="50.601"/>
  <system-out/>
</testsuite> <!-- testCases.TC008_OrderLogin_via_Elavon -->
