<?xml version="1.0" encoding="UTF-8"?>
<!-- Generated by org.testng.reporters.JUnitReportReporter -->
<testsuite hostname="DESKTOP-ER1B2KO" failures="0" tests="1" name="testCases.TC004_AboutUs" time="5.541" errors="0" timestamp="2025-06-20T12:35:28 IST" skipped="0">
  <testcase classname="testCases.TC004_AboutUs" name="AboutUs" time="5.541"/>
  <system-out/>
</testsuite> <!-- testCases.TC004_AboutUs -->
