<?xml version="1.0" encoding="UTF-8"?>
<!-- Generated by org.testng.reporters.JUnitReportReporter -->
<testsuite hostname="DESKTOP-ER1B2KO" failures="0" tests="1" name="testCases.TC001_LoginAndLogOut" time="15.327" errors="0" timestamp="2025-06-17T17:32:15 IST" skipped="0">
  <testcase classname="testCases.TC001_LoginAndLogOut" name="loginandLog" time="15.327"/>
  <system-out/>
</testsuite> <!-- testCases.TC001_LoginAndLogOut -->
