<?xml version="1.0" encoding="UTF-8"?>
<!-- Generated by org.testng.reporters.JUnitReportReporter -->
<testsuite hostname="DESKTOP-ER1B2KO" failures="0" tests="1" name="testCases.TC012_WishListAndCompareBtn_onProduct" time="8.642" errors="0" timestamp="2025-06-20T13:24:06 IST" skipped="0">
  <testcase classname="testCases.TC012_WishListAndCompareBtn_onProduct" name="buttonOnproductPage" time="8.642"/>
  <system-out/>
</testsuite> <!-- testCases.TC012_WishListAndCompareBtn_onProduct -->
