<?xml version="1.0" encoding="UTF-8"?>
<!-- Generated by org.testng.reporters.JUnitReportReporter -->
<testsuite hostname="DESKTOP-ER1B2KO" failures="0" tests="1" name="testCases.TC005_AddComapreAndDelete" time="30.985" errors="0" timestamp="2025-06-24T14:53:27 IST" skipped="0">
  <testcase classname="testCases.TC005_AddComapreAndDelete" name="compareAndDelete" time="30.985"/>
  <system-out/>
</testsuite> <!-- testCases.TC005_AddComapreAndDelete -->
