<?xml version="1.0" encoding="UTF-8"?>
<!-- Generated by org.testng.reporters.JUnitReportReporter -->
<testsuite hostname="PawanBokolia" failures="0" tests="1" name="testCases.TC004_AboutUs" time="9.882" errors="0" timestamp="2025-06-18T08:00:17 IST" skipped="0">
  <testcase classname="testCases.TC004_AboutUs" name="AboutUs" time="9.882"/>
</testsuite> <!-- testCases.TC004_AboutUs -->
