<?xml version="1.0" encoding="UTF-8"?>
<!-- Generated by org.testng.reporters.JUnitReportReporter -->
<testsuite hostname="DESKTOP-ER1B2KO" failures="0" tests="1" name="testCases.TC003_ContactUs" time="17.246" errors="0" timestamp="2025-06-20T12:35:28 IST" skipped="0">
  <testcase classname="testCases.TC003_ContactUs" name="Contactus" time="17.246"/>
  <system-out/>
</testsuite> <!-- testCases.TC003_ContactUs -->
