<?xml version="1.0" encoding="UTF-8"?>
<!-- Generated by org.testng.reporters.JUnitReportReporter -->
<testsuite hostname="PawanBokolia" failures="0" tests="1" name="testCases.TC008_OrderLogin_via_Elavon" time="85.105" errors="0" timestamp="2025-06-19T07:32:50 IST" skipped="0">
  <testcase classname="testCases.TC008_OrderLogin_via_Elavon" name="OrderLogin" time="85.105"/>
</testsuite> <!-- testCases.TC008_OrderLogin_via_Elavon -->
