<?xml version="1.0" encoding="UTF-8"?>
<!-- Generated by org.testng.reporters.JUnitReportReporter -->
<testsuite hostname="DESKTOP-ER1B2KO" failures="0" tests="1" name="testCases.Megamenucheck" time="17.748" errors="0" timestamp="2025-06-12T12:36:15 IST" skipped="0">
  <testcase classname="testCases.Megamenucheck" name="test1" time="17.748"/>
  <system-out/>
</testsuite> <!-- testCases.Megamenucheck -->
