<?xml version="1.0" encoding="UTF-8"?>
<!-- Generated by org.testng.reporters.JUnitReportReporter -->
<testsuite hostname="DESKTOP-ER1B2KO" failures="0" tests="1" name="testCases.TC001_LoginAndLogOut" time="14.518" errors="0" timestamp="2025-06-24T14:53:27 IST" skipped="0">
  <testcase classname="testCases.TC001_LoginAndLogOut" name="loginandLog" time="14.518"/>
  <system-out/>
</testsuite> <!-- testCases.TC001_LoginAndLogOut -->
