<?xml version="1.0" encoding="UTF-8"?>
<!-- Generated by org.testng.reporters.JUnitReportReporter -->
<testsuite hostname="DESKTOP-ER1B2KO" failures="0" tests="1" name="testCases.TC010_ProductPerPage" time="12.356" errors="0" timestamp="2025-06-20T16:54:48 IST" skipped="0">
  <testcase classname="testCases.TC010_ProductPerPage" name="productPerPage" time="12.356"/>
  <system-out/>
</testsuite> <!-- testCases.TC010_ProductPerPage -->
