<?xml version="1.0" encoding="UTF-8"?>
<!-- Generated by org.testng.reporters.JUnitReportReporter -->
<testsuite hostname="DESKTOP-ER1B2KO" failures="0" tests="1" name="testCases.TC005_AddComapreAndDelete" time="35.183" errors="0" timestamp="2025-06-18T15:35:47 IST" skipped="0">
  <testcase classname="testCases.TC005_AddComapreAndDelete" name="compareAndDelete" time="35.183"/>
  <system-out/>
</testsuite> <!-- testCases.TC005_AddComapreAndDelete -->
