<?xml version="1.0" encoding="UTF-8"?>
<!-- Generated by org.testng.reporters.JUnitReportReporter -->
<testsuite hostname="DESKTOP-ER1B2KO" failures="0" tests="1" name="testCases.TC009_QuickViewIsPresent" time="7.939" errors="0" timestamp="2025-06-24T16:14:21 IST" skipped="0">
  <testcase classname="testCases.TC009_QuickViewIsPresent" name="quickView" time="7.939"/>
  <system-out/>
</testsuite> <!-- testCases.TC009_QuickViewIsPresent -->
