<?xml version="1.0" encoding="UTF-8"?>
<!-- Generated by org.testng.reporters.JUnitReportReporter -->
<testsuite hostname="DESKTOP-ER1B2KO" failures="0" tests="1" name="testCases.TC006_WishListAddAndDelete" time="22.029" errors="0" timestamp="2025-06-24T14:53:27 IST" skipped="0">
  <testcase classname="testCases.TC006_WishListAddAndDelete" name="WishListAddAndDelete" time="22.029"/>
  <system-out/>
</testsuite> <!-- testCases.TC006_WishListAddAndDelete -->
