<?xml version="1.0" encoding="UTF-8"?>
<!-- Generated by org.testng.reporters.JUnitReportReporter -->
<testsuite hostname="DESKTOP-ER1B2KO" failures="0" tests="1" name="testCases.TC005_AddComapreAndDelete" time="30.579" errors="0" timestamp="2025-06-12T13:18:41 IST" skipped="0">
  <testcase classname="testCases.TC005_AddComapreAndDelete" name="test1" time="30.579"/>
  <system-out/>
</testsuite> <!-- testCases.TC005_AddComapreAndDelete -->
