<?xml version="1.0" encoding="UTF-8"?>
<!-- Generated by org.testng.reporters.JUnitReportReporter -->
<testsuite hostname="DESKTOP-ER1B2KO" failures="0" tests="1" name="testCases.TC007_CreateAccount" time="23.622" errors="0" timestamp="2025-06-20T16:54:48 IST" skipped="0">
  <testcase classname="testCases.TC007_CreateAccount" name="CreateAccount" time="23.622"/>
  <system-out/>
</testsuite> <!-- testCases.TC007_CreateAccount -->
