<?xml version="1.0" encoding="UTF-8"?>
<!-- Generated by org.testng.reporters.JUnitReportReporter -->
<testsuite hostname="DESKTOP-ER1B2KO" failures="0" tests="1" name="testCases.TC009_QuickView" time="64.597" errors="0" timestamp="2025-06-19T15:51:55 IST" skipped="0">
  <testcase classname="testCases.TC009_QuickView" name="quickView" time="64.597"/>
  <system-out/>
</testsuite> <!-- testCases.TC009_QuickView -->
