<?xml version="1.0" encoding="UTF-8"?>
<!-- Generated by org.testng.reporters.JUnitReportReporter -->
<testsuite hostname="DESKTOP-ER1B2KO" failures="0" tests="1" name="testCases.TC013_SearchFuctionalty" time="5.860" errors="0" timestamp="2025-06-20T16:54:48 IST" skipped="0">
  <testcase classname="testCases.TC013_SearchFuctionalty" name="SearchFuctionalty" time="5.860"/>
  <system-out/>
</testsuite> <!-- testCases.TC013_SearchFuctionalty -->
