<?xml version="1.0" encoding="UTF-8"?>
<!-- Generated by org.testng.reporters.JUnitReportReporter -->
<testsuite hostname="DESKTOP-ER1B2KO" failures="0" tests="1" name="testCases.TC008_OrderLogin_via_Elavon" time="46.890" errors="0" timestamp="2025-06-18T19:31:14 IST" skipped="0">
  <testcase classname="testCases.TC008_OrderLogin_via_Elavon" name="OrderLogin" time="46.890"/>
  <system-out/>
</testsuite> <!-- testCases.TC008_OrderLogin_via_Elavon -->
