<?xml version="1.0" encoding="UTF-8"?>
<!-- Generated by org.testng.reporters.JUnitReportReporter -->
<testsuite hostname="PawanBokolia" failures="0" tests="1" name="testCases.TC003_ContactUs" time="22.545" errors="0" timestamp="2025-06-18T08:00:17 IST" skipped="0">
  <testcase classname="testCases.TC003_ContactUs" name="Contactus" time="22.545"/>
</testsuite> <!-- testCases.TC003_ContactUs -->
