<?xml version="1.0" encoding="UTF-8"?>
<!-- Generated by org.testng.reporters.JUnitReportReporter -->
<testsuite hostname="DESKTOP-ER1B2KO" failures="0" tests="1" name="testCases.TC014_CartPageActions" time="27.367" errors="0" timestamp="2025-06-24T14:53:27 IST" skipped="0">
  <testcase classname="testCases.TC014_CartPageActions" name="cartPageActions" time="27.367"/>
  <system-out/>
</testsuite> <!-- testCases.TC014_CartPageActions -->
