<?xml version="1.0" encoding="UTF-8"?>
<!-- Generated by org.testng.reporters.JUnitReportReporter -->
<testsuite hostname="DESKTOP-ER1B2KO" failures="0" tests="1" name="testCases.TC003_ContactUs" time="20.649" errors="0" timestamp="2025-06-17T17:32:15 IST" skipped="0">
  <testcase classname="testCases.TC003_ContactUs" name="Contactus" time="20.649"/>
  <system-out/>
</testsuite> <!-- testCases.TC003_ContactUs -->
